[2015-05-09 17:00:04] local.ERROR: exception 'Symfony\Component\Debug\Exception\FatalErrorException' with message 'Call to undefined method Illuminate\Foundation\Application::getCachedCompilePath()' in C:\wamp\www\ProjetLo07\vendor\laravel\framework\src\Illuminate\Foundation\Console\ClearCompiledCommand.php:28
Stack trace:
#0 C:\wamp\www\ProjetLo07\vendor\compiled.php(1743): Symfony\Component\Debug\Exception\FatalErrorException->__construct()
#1 C:\wamp\www\ProjetLo07\vendor\compiled.php(1738): Illuminate\Foundation\Bootstrap\HandleExceptions->fatalExceptionFromError()
#2 C:\wamp\www\ProjetLo07\vendor\compiled.php(0): Illuminate\Foundation\Bootstrap\HandleExceptions->handleShutdown()
#3 C:\wamp\www\ProjetLo07\vendor\compiled.php(925): Illuminate\Foundation\Console\ClearCompiledCommand->fire()
#4 C:\wamp\www\ProjetLo07\vendor\compiled.php(925): call_user_func_array()
#5 C:\wamp\www\ProjetLo07\vendor\laravel\framework\src\Illuminate\Console\Command.php(115): Illuminate\Container\Container->call()
#6 C:\wamp\www\ProjetLo07\vendor\symfony\console\Symfony\Component\Console\Command\Command.php(257): Illuminate\Console\Command->execute()
#7 C:\wamp\www\ProjetLo07\vendor\laravel\framework\src\Illuminate\Console\Command.php(101): Symfony\Component\Console\Command\Command->run()
#8 C:\wamp\www\ProjetLo07\vendor\symfony\console\Symfony\Component\Console\Application.php(874): Illuminate\Console\Command->run()
#9 C:\wamp\www\ProjetLo07\vendor\symfony\console\Symfony\Component\Console\Application.php(195): Symfony\Component\Console\Application->doRunCommand()
#10 C:\wamp\www\ProjetLo07\vendor\symfony\console\Symfony\Component\Console\Application.php(126): Symfony\Component\Console\Application->doRun()
#11 C:\wamp\www\ProjetLo07\vendor\laravel\framework\src\Illuminate\Foundation\Console\Kernel.php(94): Symfony\Component\Console\Application->run()
#12 C:\wamp\www\ProjetLo07\artisan(36): Illuminate\Foundation\Console\Kernel->handle()
#13 C:\wamp\www\ProjetLo07\artisan(0): {main}()
#14 {main}  
[2015-05-09 17:18:41] local.ERROR: exception 'Symfony\Component\Debug\Exception\FatalErrorException' with message 'syntax error, unexpected ':'' in C:\wamp\www\ProjetLo07\app\Http\routes.php:26
Stack trace:
#0 C:\wamp\www\ProjetLo07\vendor\compiled.php(1743): Symfony\Component\Debug\Exception\FatalErrorException->__construct()
#1 C:\wamp\www\ProjetLo07\vendor\compiled.php(1738): Illuminate\Foundation\Bootstrap\HandleExceptions->fatalExceptionFromError()
#2 C:\wamp\www\ProjetLo07\vendor\compiled.php(0): Illuminate\Foundation\Bootstrap\HandleExceptions->handleShutdown()
#3 C:\wamp\www\ProjetLo07\vendor\compiled.php(6819): App\Providers\RouteServiceProvider->App\Providers\{closure}()
#4 C:\wamp\www\ProjetLo07\vendor\compiled.php(6819): call_user_func()
#5 C:\wamp\www\ProjetLo07\vendor\compiled.php(17159): Illuminate\Routing\Router->group()
#6 C:\wamp\www\ProjetLo07\vendor\compiled.php(925): App\Providers\RouteServiceProvider->map()
#7 C:\wamp\www\ProjetLo07\vendor\compiled.php(925): call_user_func_array()
#8 C:\wamp\www\ProjetLo07\vendor\compiled.php(4858): Illuminate\Container\Container->call()
#9 C:\wamp\www\ProjetLo07\vendor\compiled.php(4840): Illuminate\Foundation\Support\Providers\RouteServiceProvider->loadRoutes()
#10 C:\wamp\www\ProjetLo07\vendor\compiled.php(17153): Illuminate\Foundation\Support\Providers\RouteServiceProvider->boot()
#11 C:\wamp\www\ProjetLo07\vendor\compiled.php(925): App\Providers\RouteServiceProvider->boot()
#12 C:\wamp\www\ProjetLo07\vendor\compiled.php(925): call_user_func_array()
#13 C:\wamp\www\ProjetLo07\vendor\compiled.php(1518): Illuminate\Container\Container->call()
#14 C:\wamp\www\ProjetLo07\vendor\compiled.php(1510): Illuminate\Foundation\Application->bootProvider()
#15 C:\wamp\www\ProjetLo07\vendor\compiled.php(1511): Illuminate\Foundation\Application->Illuminate\Foundation\{closure}()
#16 C:\wamp\www\ProjetLo07\vendor\compiled.php(1511): array_walk()
#17 C:\wamp\www\ProjetLo07\vendor\compiled.php(1785): Illuminate\Foundation\Application->boot()
#18 C:\wamp\www\ProjetLo07\vendor\compiled.php(1311): Illuminate\Foundation\Bootstrap\BootProviders->bootstrap()
#19 C:\wamp\www\ProjetLo07\vendor\compiled.php(1928): Illuminate\Foundation\Application->bootstrapWith()
#20 C:\wamp\www\ProjetLo07\vendor\compiled.php(1890): Illuminate\Foundation\Http\Kernel->bootstrap()
#21 C:\wamp\www\ProjetLo07\vendor\compiled.php(1880): Illuminate\Foundation\Http\Kernel->sendRequestThroughRouter()
#22 C:\wamp\www\ProjetLo07\public\index.php(53): Illuminate\Foundation\Http\Kernel->handle()
#23 C:\wamp\www\ProjetLo07\public\index.php(0): {main}()
#24 {main}  
[2015-05-09 17:24:01] local.ERROR: exception 'ErrorException' with message 'Undefined variable: n' in C:\wamp\www\ProjetLo07\app\Http\routes.php:26
Stack trace:
#0 C:\wamp\www\ProjetLo07\app\Http\routes.php(26): Illuminate\Foundation\Bootstrap\HandleExceptions->handleError(8, 'Undefined varia...', 'C:\wamp\www\Pro...', 26, Array)
#1 [internal function]: App\Providers\RouteServiceProvider->{closure}('56')
#2 C:\wamp\www\ProjetLo07\vendor\compiled.php(7298): call_user_func_array(Object(Closure), Array)
#3 C:\wamp\www\ProjetLo07\vendor\compiled.php(7285): Illuminate\Routing\Route->runCallable(Object(Illuminate\Http\Request))
#4 C:\wamp\www\ProjetLo07\vendor\compiled.php(6954): Illuminate\Routing\Route->run(Object(Illuminate\Http\Request))
#5 [internal function]: Illuminate\Routing\Router->Illuminate\Routing\{closure}(Object(Illuminate\Http\Request))
#6 C:\wamp\www\ProjetLo07\vendor\compiled.php(8952): call_user_func(Object(Closure), Object(Illuminate\Http\Request))
#7 [internal function]: Illuminate\Pipeline\Pipeline->Illuminate\Pipeline\{closure}(Object(Illuminate\Http\Request))
#8 C:\wamp\www\ProjetLo07\vendor\compiled.php(8935): call_user_func(Object(Closure), Object(Illuminate\Http\Request))
#9 C:\wamp\www\ProjetLo07\vendor\compiled.php(6955): Illuminate\Pipeline\Pipeline->then(Object(Closure))
#10 C:\wamp\www\ProjetLo07\vendor\compiled.php(6944): Illuminate\Routing\Router->runRouteWithinStack(Object(Illuminate\Routing\Route), Object(Illuminate\Http\Request))
#11 C:\wamp\www\ProjetLo07\vendor\compiled.php(6929): Illuminate\Routing\Router->dispatchToRoute(Object(Illuminate\Http\Request))
#12 C:\wamp\www\ProjetLo07\vendor\compiled.php(1935): Illuminate\Routing\Router->dispatch(Object(Illuminate\Http\Request))
#13 [internal function]: Illuminate\Foundation\Http\Kernel->Illuminate\Foundation\Http\{closure}(Object(Illuminate\Http\Request))
#14 C:\wamp\www\ProjetLo07\vendor\compiled.php(8952): call_user_func(Object(Closure), Object(Illuminate\Http\Request))
#15 C:\wamp\www\ProjetLo07\vendor\compiled.php(2438): Illuminate\Pipeline\Pipeline->Illuminate\Pipeline\{closure}(Object(Illuminate\Http\Request))
#16 C:\wamp\www\ProjetLo07\app\Http\Middleware\VerifyCsrfToken.php(17): Illuminate\Foundation\Http\Middleware\VerifyCsrfToken->handle(Object(Illuminate\Http\Request), Object(Closure))
#17 C:\wamp\www\ProjetLo07\vendor\compiled.php(8944): App\Http\Middleware\VerifyCsrfToken->handle(Object(Illuminate\Http\Request), Object(Closure))
#18 C:\wamp\www\ProjetLo07\vendor\compiled.php(12083): Illuminate\Pipeline\Pipeline->Illuminate\Pipeline\{closure}(Object(Illuminate\Http\Request))
#19 C:\wamp\www\ProjetLo07\vendor\compiled.php(8944): Illuminate\View\Middleware\ShareErrorsFromSession->handle(Object(Illuminate\Http\Request), Object(Closure))
#20 C:\wamp\www\ProjetLo07\vendor\compiled.php(10785): Illuminate\Pipeline\Pipeline->Illuminate\Pipeline\{closure}(Object(Illuminate\Http\Request))
#21 C:\wamp\www\ProjetLo07\vendor\compiled.php(8944): Illuminate\Session\Middleware\StartSession->handle(Object(Illuminate\Http\Request), Object(Closure))
#22 C:\wamp\www\ProjetLo07\vendor\compiled.php(11789): Illuminate\Pipeline\Pipeline->Illuminate\Pipeline\{closure}(Object(Illuminate\Http\Request))
#23 C:\wamp\www\ProjetLo07\vendor\compiled.php(8944): Illuminate\Cookie\Middleware\AddQueuedCookiesToResponse->handle(Object(Illuminate\Http\Request), Object(Closure))
#24 C:\wamp\www\ProjetLo07\vendor\compiled.php(11738): Illuminate\Pipeline\Pipeline->Illuminate\Pipeline\{closure}(Object(Illuminate\Http\Request))
#25 C:\wamp\www\ProjetLo07\vendor\compiled.php(8944): Illuminate\Cookie\Middleware\EncryptCookies->handle(Object(Illuminate\Http\Request), Object(Closure))
#26 C:\wamp\www\ProjetLo07\vendor\compiled.php(2478): Illuminate\Pipeline\Pipeline->Illuminate\Pipeline\{closure}(Object(Illuminate\Http\Request))
#27 C:\wamp\www\ProjetLo07\vendor\compiled.php(8944): Illuminate\Foundation\Http\Middleware\CheckForMaintenanceMode->handle(Object(Illuminate\Http\Request), Object(Closure))
#28 [internal function]: Illuminate\Pipeline\Pipeline->Illuminate\Pipeline\{closure}(Object(Illuminate\Http\Request))
#29 C:\wamp\www\ProjetLo07\vendor\compiled.php(8935): call_user_func(Object(Closure), Object(Illuminate\Http\Request))
#30 C:\wamp\www\ProjetLo07\vendor\compiled.php(1891): Illuminate\Pipeline\Pipeline->then(Object(Closure))
#31 C:\wamp\www\ProjetLo07\vendor\compiled.php(1880): Illuminate\Foundation\Http\Kernel->sendRequestThroughRouter(Object(Illuminate\Http\Request))
#32 C:\wamp\www\ProjetLo07\public\index.php(53): Illuminate\Foundation\Http\Kernel->handle(Object(Illuminate\Http\Request))
#33 {main}  
[2015-05-09 17:24:28] local.ERROR: exception 'ErrorException' with message 'Undefined variable: n' in C:\wamp\www\ProjetLo07\app\Http\routes.php:26
Stack trace:
#0 C:\wamp\www\ProjetLo07\app\Http\routes.php(26): Illuminate\Foundation\Bootstrap\HandleExceptions->handleError(8, 'Undefined varia...', 'C:\wamp\www\Pro...', 26, Array)
#1 [internal function]: App\Providers\RouteServiceProvider->{closure}('56')
#2 C:\wamp\www\ProjetLo07\vendor\compiled.php(7298): call_user_func_array(Object(Closure), Array)
#3 C:\wamp\www\ProjetLo07\vendor\compiled.php(7285): Illuminate\Routing\Route->runCallable(Object(Illuminate\Http\Request))
#4 C:\wamp\www\ProjetLo07\vendor\compiled.php(6954): Illuminate\Routing\Route->run(Object(Illuminate\Http\Request))
#5 [internal function]: Illuminate\Routing\Router->Illuminate\Routing\{closure}(Object(Illuminate\Http\Request))
#6 C:\wamp\www\ProjetLo07\vendor\compiled.php(8952): call_user_func(Object(Closure), Object(Illuminate\Http\Request))
#7 [internal function]: Illuminate\Pipeline\Pipeline->Illuminate\Pipeline\{closure}(Object(Illuminate\Http\Request))
#8 C:\wamp\www\ProjetLo07\vendor\compiled.php(8935): call_user_func(Object(Closure), Object(Illuminate\Http\Request))
#9 C:\wamp\www\ProjetLo07\vendor\compiled.php(6955): Illuminate\Pipeline\Pipeline->then(Object(Closure))
#10 C:\wamp\www\ProjetLo07\vendor\compiled.php(6944): Illuminate\Routing\Router->runRouteWithinStack(Object(Illuminate\Routing\Route), Object(Illuminate\Http\Request))
#11 C:\wamp\www\ProjetLo07\vendor\compiled.php(6929): Illuminate\Routing\Router->dispatchToRoute(Object(Illuminate\Http\Request))
#12 C:\wamp\www\ProjetLo07\vendor\compiled.php(1935): Illuminate\Routing\Router->dispatch(Object(Illuminate\Http\Request))
#13 [internal function]: Illuminate\Foundation\Http\Kernel->Illuminate\Foundation\Http\{closure}(Object(Illuminate\Http\Request))
#14 C:\wamp\www\ProjetLo07\vendor\compiled.php(8952): call_user_func(Object(Closure), Object(Illuminate\Http\Request))
#15 C:\wamp\www\ProjetLo07\vendor\compiled.php(2438): Illuminate\Pipeline\Pipeline->Illuminate\Pipeline\{closure}(Object(Illuminate\Http\Request))
#16 C:\wamp\www\ProjetLo07\app\Http\Middleware\VerifyCsrfToken.php(17): Illuminate\Foundation\Http\Middleware\VerifyCsrfToken->handle(Object(Illuminate\Http\Request), Object(Closure))
#17 C:\wamp\www\ProjetLo07\vendor\compiled.php(8944): App\Http\Middleware\VerifyCsrfToken->handle(Object(Illuminate\Http\Request), Object(Closure))
#18 C:\wamp\www\ProjetLo07\vendor\compiled.php(12083): Illuminate\Pipeline\Pipeline->Illuminate\Pipeline\{closure}(Object(Illuminate\Http\Request))
#19 C:\wamp\www\ProjetLo07\vendor\compiled.php(8944): Illuminate\View\Middleware\ShareErrorsFromSession->handle(Object(Illuminate\Http\Request), Object(Closure))
#20 C:\wamp\www\ProjetLo07\vendor\compiled.php(10785): Illuminate\Pipeline\Pipeline->Illuminate\Pipeline\{closure}(Object(Illuminate\Http\Request))
#21 C:\wamp\www\ProjetLo07\vendor\compiled.php(8944): Illuminate\Session\Middleware\StartSession->handle(Object(Illuminate\Http\Request), Object(Closure))
#22 C:\wamp\www\ProjetLo07\vendor\compiled.php(11789): Illuminate\Pipeline\Pipeline->Illuminate\Pipeline\{closure}(Object(Illuminate\Http\Request))
#23 C:\wamp\www\ProjetLo07\vendor\compiled.php(8944): Illuminate\Cookie\Middleware\AddQueuedCookiesToResponse->handle(Object(Illuminate\Http\Request), Object(Closure))
#24 C:\wamp\www\ProjetLo07\vendor\compiled.php(11738): Illuminate\Pipeline\Pipeline->Illuminate\Pipeline\{closure}(Object(Illuminate\Http\Request))
#25 C:\wamp\www\ProjetLo07\vendor\compiled.php(8944): Illuminate\Cookie\Middleware\EncryptCookies->handle(Object(Illuminate\Http\Request), Object(Closure))
#26 C:\wamp\www\ProjetLo07\vendor\compiled.php(2478): Illuminate\Pipeline\Pipeline->Illuminate\Pipeline\{closure}(Object(Illuminate\Http\Request))
#27 C:\wamp\www\ProjetLo07\vendor\compiled.php(8944): Illuminate\Foundation\Http\Middleware\CheckForMaintenanceMode->handle(Object(Illuminate\Http\Request), Object(Closure))
#28 [internal function]: Illuminate\Pipeline\Pipeline->Illuminate\Pipeline\{closure}(Object(Illuminate\Http\Request))
#29 C:\wamp\www\ProjetLo07\vendor\compiled.php(8935): call_user_func(Object(Closure), Object(Illuminate\Http\Request))
#30 C:\wamp\www\ProjetLo07\vendor\compiled.php(1891): Illuminate\Pipeline\Pipeline->then(Object(Closure))
#31 C:\wamp\www\ProjetLo07\vendor\compiled.php(1880): Illuminate\Foundation\Http\Kernel->sendRequestThroughRouter(Object(Illuminate\Http\Request))
#32 C:\wamp\www\ProjetLo07\public\index.php(53): Illuminate\Foundation\Http\Kernel->handle(Object(Illuminate\Http\Request))
#33 {main}  
[2015-05-09 17:24:29] local.ERROR: exception 'ErrorException' with message 'Undefined variable: n' in C:\wamp\www\ProjetLo07\app\Http\routes.php:26
Stack trace:
#0 C:\wamp\www\ProjetLo07\app\Http\routes.php(26): Illuminate\Foundation\Bootstrap\HandleExceptions->handleError(8, 'Undefined varia...', 'C:\wamp\www\Pro...', 26, Array)
#1 [internal function]: App\Providers\RouteServiceProvider->{closure}('56')
#2 C:\wamp\www\ProjetLo07\vendor\compiled.php(7298): call_user_func_array(Object(Closure), Array)
#3 C:\wamp\www\ProjetLo07\vendor\compiled.php(7285): Illuminate\Routing\Route->runCallable(Object(Illuminate\Http\Request))
#4 C:\wamp\www\ProjetLo07\vendor\compiled.php(6954): Illuminate\Routing\Route->run(Object(Illuminate\Http\Request))
#5 [internal function]: Illuminate\Routing\Router->Illuminate\Routing\{closure}(Object(Illuminate\Http\Request))
#6 C:\wamp\www\ProjetLo07\vendor\compiled.php(8952): call_user_func(Object(Closure), Object(Illuminate\Http\Request))
#7 [internal function]: Illuminate\Pipeline\Pipeline->Illuminate\Pipeline\{closure}(Object(Illuminate\Http\Request))
#8 C:\wamp\www\ProjetLo07\vendor\compiled.php(8935): call_user_func(Object(Closure), Object(Illuminate\Http\Request))
#9 C:\wamp\www\ProjetLo07\vendor\compiled.php(6955): Illuminate\Pipeline\Pipeline->then(Object(Closure))
#10 C:\wamp\www\ProjetLo07\vendor\compiled.php(6944): Illuminate\Routing\Router->runRouteWithinStack(Object(Illuminate\Routing\Route), Object(Illuminate\Http\Request))
#11 C:\wamp\www\ProjetLo07\vendor\compiled.php(6929): Illuminate\Routing\Router->dispatchToRoute(Object(Illuminate\Http\Request))
#12 C:\wamp\www\ProjetLo07\vendor\compiled.php(1935): Illuminate\Routing\Router->dispatch(Object(Illuminate\Http\Request))
#13 [internal function]: Illuminate\Foundation\Http\Kernel->Illuminate\Foundation\Http\{closure}(Object(Illuminate\Http\Request))
#14 C:\wamp\www\ProjetLo07\vendor\compiled.php(8952): call_user_func(Object(Closure), Object(Illuminate\Http\Request))
#15 C:\wamp\www\ProjetLo07\vendor\compiled.php(2438): Illuminate\Pipeline\Pipeline->Illuminate\Pipeline\{closure}(Object(Illuminate\Http\Request))
#16 C:\wamp\www\ProjetLo07\app\Http\Middleware\VerifyCsrfToken.php(17): Illuminate\Foundation\Http\Middleware\VerifyCsrfToken->handle(Object(Illuminate\Http\Request), Object(Closure))
#17 C:\wamp\www\ProjetLo07\vendor\compiled.php(8944): App\Http\Middleware\VerifyCsrfToken->handle(Object(Illuminate\Http\Request), Object(Closure))
#18 C:\wamp\www\ProjetLo07\vendor\compiled.php(12083): Illuminate\Pipeline\Pipeline->Illuminate\Pipeline\{closure}(Object(Illuminate\Http\Request))
#19 C:\wamp\www\ProjetLo07\vendor\compiled.php(8944): Illuminate\View\Middleware\ShareErrorsFromSession->handle(Object(Illuminate\Http\Request), Object(Closure))
#20 C:\wamp\www\ProjetLo07\vendor\compiled.php(10785): Illuminate\Pipeline\Pipeline->Illuminate\Pipeline\{closure}(Object(Illuminate\Http\Request))
#21 C:\wamp\www\ProjetLo07\vendor\compiled.php(8944): Illuminate\Session\Middleware\StartSession->handle(Object(Illuminate\Http\Request), Object(Closure))
#22 C:\wamp\www\ProjetLo07\vendor\compiled.php(11789): Illuminate\Pipeline\Pipeline->Illuminate\Pipeline\{closure}(Object(Illuminate\Http\Request))
#23 C:\wamp\www\ProjetLo07\vendor\compiled.php(8944): Illuminate\Cookie\Middleware\AddQueuedCookiesToResponse->handle(Object(Illuminate\Http\Request), Object(Closure))
#24 C:\wamp\www\ProjetLo07\vendor\compiled.php(11738): Illuminate\Pipeline\Pipeline->Illuminate\Pipeline\{closure}(Object(Illuminate\Http\Request))
#25 C:\wamp\www\ProjetLo07\vendor\compiled.php(8944): Illuminate\Cookie\Middleware\EncryptCookies->handle(Object(Illuminate\Http\Request), Object(Closure))
#26 C:\wamp\www\ProjetLo07\vendor\compiled.php(2478): Illuminate\Pipeline\Pipeline->Illuminate\Pipeline\{closure}(Object(Illuminate\Http\Request))
#27 C:\wamp\www\ProjetLo07\vendor\compiled.php(8944): Illuminate\Foundation\Http\Middleware\CheckForMaintenanceMode->handle(Object(Illuminate\Http\Request), Object(Closure))
#28 [internal function]: Illuminate\Pipeline\Pipeline->Illuminate\Pipeline\{closure}(Object(Illuminate\Http\Request))
#29 C:\wamp\www\ProjetLo07\vendor\compiled.php(8935): call_user_func(Object(Closure), Object(Illuminate\Http\Request))
#30 C:\wamp\www\ProjetLo07\vendor\compiled.php(1891): Illuminate\Pipeline\Pipeline->then(Object(Closure))
#31 C:\wamp\www\ProjetLo07\vendor\compiled.php(1880): Illuminate\Foundation\Http\Kernel->sendRequestThroughRouter(Object(Illuminate\Http\Request))
#32 C:\wamp\www\ProjetLo07\public\index.php(53): Illuminate\Foundation\Http\Kernel->handle(Object(Illuminate\Http\Request))
#33 {main}  
[2015-05-09 17:24:42] local.ERROR: exception 'ErrorException' with message 'Undefined variable: n' in C:\wamp\www\ProjetLo07\app\Http\routes.php:26
Stack trace:
#0 C:\wamp\www\ProjetLo07\app\Http\routes.php(26): Illuminate\Foundation\Bootstrap\HandleExceptions->handleError(8, 'Undefined varia...', 'C:\wamp\www\Pro...', 26, Array)
#1 [internal function]: App\Providers\RouteServiceProvider->{closure}('56')
#2 C:\wamp\www\ProjetLo07\vendor\compiled.php(7298): call_user_func_array(Object(Closure), Array)
#3 C:\wamp\www\ProjetLo07\vendor\compiled.php(7285): Illuminate\Routing\Route->runCallable(Object(Illuminate\Http\Request))
#4 C:\wamp\www\ProjetLo07\vendor\compiled.php(6954): Illuminate\Routing\Route->run(Object(Illuminate\Http\Request))
#5 [internal function]: Illuminate\Routing\Router->Illuminate\Routing\{closure}(Object(Illuminate\Http\Request))
#6 C:\wamp\www\ProjetLo07\vendor\compiled.php(8952): call_user_func(Object(Closure), Object(Illuminate\Http\Request))
#7 [internal function]: Illuminate\Pipeline\Pipeline->Illuminate\Pipeline\{closure}(Object(Illuminate\Http\Request))
#8 C:\wamp\www\ProjetLo07\vendor\compiled.php(8935): call_user_func(Object(Closure), Object(Illuminate\Http\Request))
#9 C:\wamp\www\ProjetLo07\vendor\compiled.php(6955): Illuminate\Pipeline\Pipeline->then(Object(Closure))
#10 C:\wamp\www\ProjetLo07\vendor\compiled.php(6944): Illuminate\Routing\Router->runRouteWithinStack(Object(Illuminate\Routing\Route), Object(Illuminate\Http\Request))
#11 C:\wamp\www\ProjetLo07\vendor\compiled.php(6929): Illuminate\Routing\Router->dispatchToRoute(Object(Illuminate\Http\Request))
#12 C:\wamp\www\ProjetLo07\vendor\compiled.php(1935): Illuminate\Routing\Router->dispatch(Object(Illuminate\Http\Request))
#13 [internal function]: Illuminate\Foundation\Http\Kernel->Illuminate\Foundation\Http\{closure}(Object(Illuminate\Http\Request))
#14 C:\wamp\www\ProjetLo07\vendor\compiled.php(8952): call_user_func(Object(Closure), Object(Illuminate\Http\Request))
#15 C:\wamp\www\ProjetLo07\vendor\compiled.php(2438): Illuminate\Pipeline\Pipeline->Illuminate\Pipeline\{closure}(Object(Illuminate\Http\Request))
#16 C:\wamp\www\ProjetLo07\app\Http\Middleware\VerifyCsrfToken.php(17): Illuminate\Foundation\Http\Middleware\VerifyCsrfToken->handle(Object(Illuminate\Http\Request), Object(Closure))
#17 C:\wamp\www\ProjetLo07\vendor\compiled.php(8944): App\Http\Middleware\VerifyCsrfToken->handle(Object(Illuminate\Http\Request), Object(Closure))
#18 C:\wamp\www\ProjetLo07\vendor\compiled.php(12083): Illuminate\Pipeline\Pipeline->Illuminate\Pipeline\{closure}(Object(Illuminate\Http\Request))
#19 C:\wamp\www\ProjetLo07\vendor\compiled.php(8944): Illuminate\View\Middleware\ShareErrorsFromSession->handle(Object(Illuminate\Http\Request), Object(Closure))
#20 C:\wamp\www\ProjetLo07\vendor\compiled.php(10785): Illuminate\Pipeline\Pipeline->Illuminate\Pipeline\{closure}(Object(Illuminate\Http\Request))
#21 C:\wamp\www\ProjetLo07\vendor\compiled.php(8944): Illuminate\Session\Middleware\StartSession->handle(Object(Illuminate\Http\Request), Object(Closure))
#22 C:\wamp\www\ProjetLo07\vendor\compiled.php(11789): Illuminate\Pipeline\Pipeline->Illuminate\Pipeline\{closure}(Object(Illuminate\Http\Request))
#23 C:\wamp\www\ProjetLo07\vendor\compiled.php(8944): Illuminate\Cookie\Middleware\AddQueuedCookiesToResponse->handle(Object(Illuminate\Http\Request), Object(Closure))
#24 C:\wamp\www\ProjetLo07\vendor\compiled.php(11738): Illuminate\Pipeline\Pipeline->Illuminate\Pipeline\{closure}(Object(Illuminate\Http\Request))
#25 C:\wamp\www\ProjetLo07\vendor\compiled.php(8944): Illuminate\Cookie\Middleware\EncryptCookies->handle(Object(Illuminate\Http\Request), Object(Closure))
#26 C:\wamp\www\ProjetLo07\vendor\compiled.php(2478): Illuminate\Pipeline\Pipeline->Illuminate\Pipeline\{closure}(Object(Illuminate\Http\Request))
#27 C:\wamp\www\ProjetLo07\vendor\compiled.php(8944): Illuminate\Foundation\Http\Middleware\CheckForMaintenanceMode->handle(Object(Illuminate\Http\Request), Object(Closure))
#28 [internal function]: Illuminate\Pipeline\Pipeline->Illuminate\Pipeline\{closure}(Object(Illuminate\Http\Request))
#29 C:\wamp\www\ProjetLo07\vendor\compiled.php(8935): call_user_func(Object(Closure), Object(Illuminate\Http\Request))
#30 C:\wamp\www\ProjetLo07\vendor\compiled.php(1891): Illuminate\Pipeline\Pipeline->then(Object(Closure))
#31 C:\wamp\www\ProjetLo07\vendor\compiled.php(1880): Illuminate\Foundation\Http\Kernel->sendRequestThroughRouter(Object(Illuminate\Http\Request))
#32 C:\wamp\www\ProjetLo07\public\index.php(53): Illuminate\Foundation\Http\Kernel->handle(Object(Illuminate\Http\Request))
#33 {main}  
[2015-05-09 17:24:42] local.ERROR: exception 'ErrorException' with message 'Undefined variable: n' in C:\wamp\www\ProjetLo07\app\Http\routes.php:26
Stack trace:
#0 C:\wamp\www\ProjetLo07\app\Http\routes.php(26): Illuminate\Foundation\Bootstrap\HandleExceptions->handleError(8, 'Undefined varia...', 'C:\wamp\www\Pro...', 26, Array)
#1 [internal function]: App\Providers\RouteServiceProvider->{closure}('56')
#2 C:\wamp\www\ProjetLo07\vendor\compiled.php(7298): call_user_func_array(Object(Closure), Array)
#3 C:\wamp\www\ProjetLo07\vendor\compiled.php(7285): Illuminate\Routing\Route->runCallable(Object(Illuminate\Http\Request))
#4 C:\wamp\www\ProjetLo07\vendor\compiled.php(6954): Illuminate\Routing\Route->run(Object(Illuminate\Http\Request))
#5 [internal function]: Illuminate\Routing\Router->Illuminate\Routing\{closure}(Object(Illuminate\Http\Request))
#6 C:\wamp\www\ProjetLo07\vendor\compiled.php(8952): call_user_func(Object(Closure), Object(Illuminate\Http\Request))
#7 [internal function]: Illuminate\Pipeline\Pipeline->Illuminate\Pipeline\{closure}(Object(Illuminate\Http\Request))
#8 C:\wamp\www\ProjetLo07\vendor\compiled.php(8935): call_user_func(Object(Closure), Object(Illuminate\Http\Request))
#9 C:\wamp\www\ProjetLo07\vendor\compiled.php(6955): Illuminate\Pipeline\Pipeline->then(Object(Closure))
#10 C:\wamp\www\ProjetLo07\vendor\compiled.php(6944): Illuminate\Routing\Router->runRouteWithinStack(Object(Illuminate\Routing\Route), Object(Illuminate\Http\Request))
#11 C:\wamp\www\ProjetLo07\vendor\compiled.php(6929): Illuminate\Routing\Router->dispatchToRoute(Object(Illuminate\Http\Request))
#12 C:\wamp\www\ProjetLo07\vendor\compiled.php(1935): Illuminate\Routing\Router->dispatch(Object(Illuminate\Http\Request))
#13 [internal function]: Illuminate\Foundation\Http\Kernel->Illuminate\Foundation\Http\{closure}(Object(Illuminate\Http\Request))
#14 C:\wamp\www\ProjetLo07\vendor\compiled.php(8952): call_user_func(Object(Closure), Object(Illuminate\Http\Request))
#15 C:\wamp\www\ProjetLo07\vendor\compiled.php(2438): Illuminate\Pipeline\Pipeline->Illuminate\Pipeline\{closure}(Object(Illuminate\Http\Request))
#16 C:\wamp\www\ProjetLo07\app\Http\Middleware\VerifyCsrfToken.php(17): Illuminate\Foundation\Http\Middleware\VerifyCsrfToken->handle(Object(Illuminate\Http\Request), Object(Closure))
#17 C:\wamp\www\ProjetLo07\vendor\compiled.php(8944): App\Http\Middleware\VerifyCsrfToken->handle(Object(Illuminate\Http\Request), Object(Closure))
#18 C:\wamp\www\ProjetLo07\vendor\compiled.php(12083): Illuminate\Pipeline\Pipeline->Illuminate\Pipeline\{closure}(Object(Illuminate\Http\Request))
#19 C:\wamp\www\ProjetLo07\vendor\compiled.php(8944): Illuminate\View\Middleware\ShareErrorsFromSession->handle(Object(Illuminate\Http\Request), Object(Closure))
#20 C:\wamp\www\ProjetLo07\vendor\compiled.php(10785): Illuminate\Pipeline\Pipeline->Illuminate\Pipeline\{closure}(Object(Illuminate\Http\Request))
#21 C:\wamp\www\ProjetLo07\vendor\compiled.php(8944): Illuminate\Session\Middleware\StartSession->handle(Object(Illuminate\Http\Request), Object(Closure))
#22 C:\wamp\www\ProjetLo07\vendor\compiled.php(11789): Illuminate\Pipeline\Pipeline->Illuminate\Pipeline\{closure}(Object(Illuminate\Http\Request))
#23 C:\wamp\www\ProjetLo07\vendor\compiled.php(8944): Illuminate\Cookie\Middleware\AddQueuedCookiesToResponse->handle(Object(Illuminate\Http\Request), Object(Closure))
#24 C:\wamp\www\ProjetLo07\vendor\compiled.php(11738): Illuminate\Pipeline\Pipeline->Illuminate\Pipeline\{closure}(Object(Illuminate\Http\Request))
#25 C:\wamp\www\ProjetLo07\vendor\compiled.php(8944): Illuminate\Cookie\Middleware\EncryptCookies->handle(Object(Illuminate\Http\Request), Object(Closure))
#26 C:\wamp\www\ProjetLo07\vendor\compiled.php(2478): Illuminate\Pipeline\Pipeline->Illuminate\Pipeline\{closure}(Object(Illuminate\Http\Request))
#27 C:\wamp\www\ProjetLo07\vendor\compiled.php(8944): Illuminate\Foundation\Http\Middleware\CheckForMaintenanceMode->handle(Object(Illuminate\Http\Request), Object(Closure))
#28 [internal function]: Illuminate\Pipeline\Pipeline->Illuminate\Pipeline\{closure}(Object(Illuminate\Http\Request))
#29 C:\wamp\www\ProjetLo07\vendor\compiled.php(8935): call_user_func(Object(Closure), Object(Illuminate\Http\Request))
#30 C:\wamp\www\ProjetLo07\vendor\compiled.php(1891): Illuminate\Pipeline\Pipeline->then(Object(Closure))
#31 C:\wamp\www\ProjetLo07\vendor\compiled.php(1880): Illuminate\Foundation\Http\Kernel->sendRequestThroughRouter(Object(Illuminate\Http\Request))
#32 C:\wamp\www\ProjetLo07\public\index.php(53): Illuminate\Foundation\Http\Kernel->handle(Object(Illuminate\Http\Request))
#33 {main}  
[2015-05-09 17:24:42] local.ERROR: exception 'ErrorException' with message 'Undefined variable: n' in C:\wamp\www\ProjetLo07\app\Http\routes.php:26
Stack trace:
#0 C:\wamp\www\ProjetLo07\app\Http\routes.php(26): Illuminate\Foundation\Bootstrap\HandleExceptions->handleError(8, 'Undefined varia...', 'C:\wamp\www\Pro...', 26, Array)
#1 [internal function]: App\Providers\RouteServiceProvider->{closure}('56')
#2 C:\wamp\www\ProjetLo07\vendor\compiled.php(7298): call_user_func_array(Object(Closure), Array)
#3 C:\wamp\www\ProjetLo07\vendor\compiled.php(7285): Illuminate\Routing\Route->runCallable(Object(Illuminate\Http\Request))
#4 C:\wamp\www\ProjetLo07\vendor\compiled.php(6954): Illuminate\Routing\Route->run(Object(Illuminate\Http\Request))
#5 [internal function]: Illuminate\Routing\Router->Illuminate\Routing\{closure}(Object(Illuminate\Http\Request))
#6 C:\wamp\www\ProjetLo07\vendor\compiled.php(8952): call_user_func(Object(Closure), Object(Illuminate\Http\Request))
#7 [internal function]: Illuminate\Pipeline\Pipeline->Illuminate\Pipeline\{closure}(Object(Illuminate\Http\Request))
#8 C:\wamp\www\ProjetLo07\vendor\compiled.php(8935): call_user_func(Object(Closure), Object(Illuminate\Http\Request))
#9 C:\wamp\www\ProjetLo07\vendor\compiled.php(6955): Illuminate\Pipeline\Pipeline->then(Object(Closure))
#10 C:\wamp\www\ProjetLo07\vendor\compiled.php(6944): Illuminate\Routing\Router->runRouteWithinStack(Object(Illuminate\Routing\Route), Object(Illuminate\Http\Request))
#11 C:\wamp\www\ProjetLo07\vendor\compiled.php(6929): Illuminate\Routing\Router->dispatchToRoute(Object(Illuminate\Http\Request))
#12 C:\wamp\www\ProjetLo07\vendor\compiled.php(1935): Illuminate\Routing\Router->dispatch(Object(Illuminate\Http\Request))
#13 [internal function]: Illuminate\Foundation\Http\Kernel->Illuminate\Foundation\Http\{closure}(Object(Illuminate\Http\Request))
#14 C:\wamp\www\ProjetLo07\vendor\compiled.php(8952): call_user_func(Object(Closure), Object(Illuminate\Http\Request))
#15 C:\wamp\www\ProjetLo07\vendor\compiled.php(2438): Illuminate\Pipeline\Pipeline->Illuminate\Pipeline\{closure}(Object(Illuminate\Http\Request))
#16 C:\wamp\www\ProjetLo07\app\Http\Middleware\VerifyCsrfToken.php(17): Illuminate\Foundation\Http\Middleware\VerifyCsrfToken->handle(Object(Illuminate\Http\Request), Object(Closure))
#17 C:\wamp\www\ProjetLo07\vendor\compiled.php(8944): App\Http\Middleware\VerifyCsrfToken->handle(Object(Illuminate\Http\Request), Object(Closure))
#18 C:\wamp\www\ProjetLo07\vendor\compiled.php(12083): Illuminate\Pipeline\Pipeline->Illuminate\Pipeline\{closure}(Object(Illuminate\Http\Request))
#19 C:\wamp\www\ProjetLo07\vendor\compiled.php(8944): Illuminate\View\Middleware\ShareErrorsFromSession->handle(Object(Illuminate\Http\Request), Object(Closure))
#20 C:\wamp\www\ProjetLo07\vendor\compiled.php(10785): Illuminate\Pipeline\Pipeline->Illuminate\Pipeline\{closure}(Object(Illuminate\Http\Request))
#21 C:\wamp\www\ProjetLo07\vendor\compiled.php(8944): Illuminate\Session\Middleware\StartSession->handle(Object(Illuminate\Http\Request), Object(Closure))
#22 C:\wamp\www\ProjetLo07\vendor\compiled.php(11789): Illuminate\Pipeline\Pipeline->Illuminate\Pipeline\{closure}(Object(Illuminate\Http\Request))
#23 C:\wamp\www\ProjetLo07\vendor\compiled.php(8944): Illuminate\Cookie\Middleware\AddQueuedCookiesToResponse->handle(Object(Illuminate\Http\Request), Object(Closure))
#24 C:\wamp\www\ProjetLo07\vendor\compiled.php(11738): Illuminate\Pipeline\Pipeline->Illuminate\Pipeline\{closure}(Object(Illuminate\Http\Request))
#25 C:\wamp\www\ProjetLo07\vendor\compiled.php(8944): Illuminate\Cookie\Middleware\EncryptCookies->handle(Object(Illuminate\Http\Request), Object(Closure))
#26 C:\wamp\www\ProjetLo07\vendor\compiled.php(2478): Illuminate\Pipeline\Pipeline->Illuminate\Pipeline\{closure}(Object(Illuminate\Http\Request))
#27 C:\wamp\www\ProjetLo07\vendor\compiled.php(8944): Illuminate\Foundation\Http\Middleware\CheckForMaintenanceMode->handle(Object(Illuminate\Http\Request), Object(Closure))
#28 [internal function]: Illuminate\Pipeline\Pipeline->Illuminate\Pipeline\{closure}(Object(Illuminate\Http\Request))
#29 C:\wamp\www\ProjetLo07\vendor\compiled.php(8935): call_user_func(Object(Closure), Object(Illuminate\Http\Request))
#30 C:\wamp\www\ProjetLo07\vendor\compiled.php(1891): Illuminate\Pipeline\Pipeline->then(Object(Closure))
#31 C:\wamp\www\ProjetLo07\vendor\compiled.php(1880): Illuminate\Foundation\Http\Kernel->sendRequestThroughRouter(Object(Illuminate\Http\Request))
#32 C:\wamp\www\ProjetLo07\public\index.php(53): Illuminate\Foundation\Http\Kernel->handle(Object(Illuminate\Http\Request))
#33 {main}  
