[2015-05-10 14:51:54] local.ERROR: exception 'InvalidArgumentException' with message 'View [s] not found.' in C:\wamp\www\ProjetLo07\vendor\compiled.php:12898
Stack trace:
#0 C:\wamp\www\ProjetLo07\vendor\compiled.php(12871): Illuminate\View\FileViewFinder->findInPaths('s', Array)
#1 C:\wamp\www\ProjetLo07\vendor\compiled.php(12996): Illuminate\View\FileViewFinder->find('s')
#2 C:\wamp\www\ProjetLo07\vendor\laravel\framework\src\Illuminate\Foundation\helpers.php(591): Illuminate\View\Factory->make('s', Array, Array)
#3 C:\wamp\www\ProjetLo07\app\Http\routes.php(16): view('s')
#4 [internal function]: App\Providers\RouteServiceProvider->{closure}()
#5 C:\wamp\www\ProjetLo07\vendor\compiled.php(7298): call_user_func_array(Object(Closure), Array)
#6 C:\wamp\www\ProjetLo07\vendor\compiled.php(7285): Illuminate\Routing\Route->runCallable(Object(Illuminate\Http\Request))
#7 C:\wamp\www\ProjetLo07\vendor\compiled.php(6954): Illuminate\Routing\Route->run(Object(Illuminate\Http\Request))
#8 [internal function]: Illuminate\Routing\Router->Illuminate\Routing\{closure}(Object(Illuminate\Http\Request))
#9 C:\wamp\www\ProjetLo07\vendor\compiled.php(8952): call_user_func(Object(Closure), Object(Illuminate\Http\Request))
#10 [internal function]: Illuminate\Pipeline\Pipeline->Illuminate\Pipeline\{closure}(Object(Illuminate\Http\Request))
#11 C:\wamp\www\ProjetLo07\vendor\compiled.php(8935): call_user_func(Object(Closure), Object(Illuminate\Http\Request))
#12 C:\wamp\www\ProjetLo07\vendor\compiled.php(6955): Illuminate\Pipeline\Pipeline->then(Object(Closure))
#13 C:\wamp\www\ProjetLo07\vendor\compiled.php(6944): Illuminate\Routing\Router->runRouteWithinStack(Object(Illuminate\Routing\Route), Object(Illuminate\Http\Request))
#14 C:\wamp\www\ProjetLo07\vendor\compiled.php(6929): Illuminate\Routing\Router->dispatchToRoute(Object(Illuminate\Http\Request))
#15 C:\wamp\www\ProjetLo07\vendor\compiled.php(1935): Illuminate\Routing\Router->dispatch(Object(Illuminate\Http\Request))
#16 [internal function]: Illuminate\Foundation\Http\Kernel->Illuminate\Foundation\Http\{closure}(Object(Illuminate\Http\Request))
#17 C:\wamp\www\ProjetLo07\vendor\compiled.php(8952): call_user_func(Object(Closure), Object(Illuminate\Http\Request))
#18 C:\wamp\www\ProjetLo07\vendor\compiled.php(2438): Illuminate\Pipeline\Pipeline->Illuminate\Pipeline\{closure}(Object(Illuminate\Http\Request))
#19 C:\wamp\www\ProjetLo07\app\Http\Middleware\VerifyCsrfToken.php(17): Illuminate\Foundation\Http\Middleware\VerifyCsrfToken->handle(Object(Illuminate\Http\Request), Object(Closure))
#20 C:\wamp\www\ProjetLo07\vendor\compiled.php(8944): App\Http\Middleware\VerifyCsrfToken->handle(Object(Illuminate\Http\Request), Object(Closure))
#21 C:\wamp\www\ProjetLo07\vendor\compiled.php(12083): Illuminate\Pipeline\Pipeline->Illuminate\Pipeline\{closure}(Object(Illuminate\Http\Request))
#22 C:\wamp\www\ProjetLo07\vendor\compiled.php(8944): Illuminate\View\Middleware\ShareErrorsFromSession->handle(Object(Illuminate\Http\Request), Object(Closure))
#23 C:\wamp\www\ProjetLo07\vendor\compiled.php(10785): Illuminate\Pipeline\Pipeline->Illuminate\Pipeline\{closure}(Object(Illuminate\Http\Request))
#24 C:\wamp\www\ProjetLo07\vendor\compiled.php(8944): Illuminate\Session\Middleware\StartSession->handle(Object(Illuminate\Http\Request), Object(Closure))
#25 C:\wamp\www\ProjetLo07\vendor\compiled.php(11789): Illuminate\Pipeline\Pipeline->Illuminate\Pipeline\{closure}(Object(Illuminate\Http\Request))
#26 C:\wamp\www\ProjetLo07\vendor\compiled.php(8944): Illuminate\Cookie\Middleware\AddQueuedCookiesToResponse->handle(Object(Illuminate\Http\Request), Object(Closure))
#27 C:\wamp\www\ProjetLo07\vendor\compiled.php(11738): Illuminate\Pipeline\Pipeline->Illuminate\Pipeline\{closure}(Object(Illuminate\Http\Request))
#28 C:\wamp\www\ProjetLo07\vendor\compiled.php(8944): Illuminate\Cookie\Middleware\EncryptCookies->handle(Object(Illuminate\Http\Request), Object(Closure))
#29 C:\wamp\www\ProjetLo07\vendor\compiled.php(2478): Illuminate\Pipeline\Pipeline->Illuminate\Pipeline\{closure}(Object(Illuminate\Http\Request))
#30 C:\wamp\www\ProjetLo07\vendor\compiled.php(8944): Illuminate\Foundation\Http\Middleware\CheckForMaintenanceMode->handle(Object(Illuminate\Http\Request), Object(Closure))
#31 [internal function]: Illuminate\Pipeline\Pipeline->Illuminate\Pipeline\{closure}(Object(Illuminate\Http\Request))
#32 C:\wamp\www\ProjetLo07\vendor\compiled.php(8935): call_user_func(Object(Closure), Object(Illuminate\Http\Request))
#33 C:\wamp\www\ProjetLo07\vendor\compiled.php(1891): Illuminate\Pipeline\Pipeline->then(Object(Closure))
#34 C:\wamp\www\ProjetLo07\vendor\compiled.php(1880): Illuminate\Foundation\Http\Kernel->sendRequestThroughRouter(Object(Illuminate\Http\Request))
#35 C:\wamp\www\ProjetLo07\public\index.php(53): Illuminate\Foundation\Http\Kernel->handle(Object(Illuminate\Http\Request))
#36 {main}  
[2015-05-10 19:33:45] local.ERROR: exception 'PDOException' with message 'SQLSTATE[HY000] [2002] Aucune connexion n’a pu être établie car l’ordinateur cible l’a expressément refusée.
' in C:\wamp\www\ProjetLo07\vendor\laravel\framework\src\Illuminate\Database\Connectors\Connector.php:47
Stack trace:
#0 C:\wamp\www\ProjetLo07\vendor\laravel\framework\src\Illuminate\Database\Connectors\Connector.php(47): PDO->__construct('mysql:host=loca...', 'homestead', 'secret', Array)
#1 C:\wamp\www\ProjetLo07\vendor\laravel\framework\src\Illuminate\Database\Connectors\MySqlConnector.php(20): Illuminate\Database\Connectors\Connector->createConnection('mysql:host=loca...', Array, Array)
#2 C:\wamp\www\ProjetLo07\vendor\compiled.php(10673): Illuminate\Database\Connectors\MySqlConnector->connect(Array)
#3 C:\wamp\www\ProjetLo07\vendor\compiled.php(10669): Illuminate\Database\Connectors\ConnectionFactory->createSingleConnection(Array)
#4 C:\wamp\www\ProjetLo07\vendor\compiled.php(10587): Illuminate\Database\Connectors\ConnectionFactory->make(Array, 'mysql')
#5 C:\wamp\www\ProjetLo07\vendor\compiled.php(10542): Illuminate\Database\DatabaseManager->makeConnection('mysql')
#6 C:\wamp\www\ProjetLo07\vendor\laravel\framework\src\Illuminate\Database\Migrations\DatabaseMigrationRepository.php(167): Illuminate\Database\DatabaseManager->connection(NULL)
#7 C:\wamp\www\ProjetLo07\vendor\laravel\framework\src\Illuminate\Database\Migrations\DatabaseMigrationRepository.php(115): Illuminate\Database\Migrations\DatabaseMigrationRepository->getConnection()
#8 C:\wamp\www\ProjetLo07\vendor\laravel\framework\src\Illuminate\Database\Console\Migrations\InstallCommand.php(52): Illuminate\Database\Migrations\DatabaseMigrationRepository->createRepository()
#9 [internal function]: Illuminate\Database\Console\Migrations\InstallCommand->fire()
#10 C:\wamp\www\ProjetLo07\vendor\compiled.php(925): call_user_func_array(Array, Array)
#11 C:\wamp\www\ProjetLo07\vendor\laravel\framework\src\Illuminate\Console\Command.php(115): Illuminate\Container\Container->call(Array)
#12 C:\wamp\www\ProjetLo07\vendor\symfony\console\Symfony\Component\Console\Command\Command.php(257): Illuminate\Console\Command->execute(Object(Symfony\Component\Console\Input\ArgvInput), Object(Symfony\Component\Console\Output\ConsoleOutput))
#13 C:\wamp\www\ProjetLo07\vendor\laravel\framework\src\Illuminate\Console\Command.php(101): Symfony\Component\Console\Command\Command->run(Object(Symfony\Component\Console\Input\ArgvInput), Object(Symfony\Component\Console\Output\ConsoleOutput))
#14 C:\wamp\www\ProjetLo07\vendor\symfony\console\Symfony\Component\Console\Application.php(874): Illuminate\Console\Command->run(Object(Symfony\Component\Console\Input\ArgvInput), Object(Symfony\Component\Console\Output\ConsoleOutput))
#15 C:\wamp\www\ProjetLo07\vendor\symfony\console\Symfony\Component\Console\Application.php(195): Symfony\Component\Console\Application->doRunCommand(Object(Illuminate\Database\Console\Migrations\InstallCommand), Object(Symfony\Component\Console\Input\ArgvInput), Object(Symfony\Component\Console\Output\ConsoleOutput))
#16 C:\wamp\www\ProjetLo07\vendor\symfony\console\Symfony\Component\Console\Application.php(126): Symfony\Component\Console\Application->doRun(Object(Symfony\Component\Console\Input\ArgvInput), Object(Symfony\Component\Console\Output\ConsoleOutput))
#17 C:\wamp\www\ProjetLo07\vendor\laravel\framework\src\Illuminate\Foundation\Console\Kernel.php(94): Symfony\Component\Console\Application->run(Object(Symfony\Component\Console\Input\ArgvInput), Object(Symfony\Component\Console\Output\ConsoleOutput))
#18 C:\wamp\www\ProjetLo07\artisan(36): Illuminate\Foundation\Console\Kernel->handle(Object(Symfony\Component\Console\Input\ArgvInput), Object(Symfony\Component\Console\Output\ConsoleOutput))
#19 {main}  
[2015-05-10 20:15:56] local.ERROR: exception 'PDOException' with message 'SQLSTATE[HY000] [1045] Access denied for user 'homestead'@'localhost' (using password: YES)' in C:\wamp\www\ProjetLo07\vendor\laravel\framework\src\Illuminate\Database\Connectors\Connector.php:47
Stack trace:
#0 C:\wamp\www\ProjetLo07\vendor\laravel\framework\src\Illuminate\Database\Connectors\Connector.php(47): PDO->__construct('mysql:host=loca...', 'homestead', 'secret', Array)
#1 C:\wamp\www\ProjetLo07\vendor\laravel\framework\src\Illuminate\Database\Connectors\MySqlConnector.php(20): Illuminate\Database\Connectors\Connector->createConnection('mysql:host=loca...', Array, Array)
#2 C:\wamp\www\ProjetLo07\vendor\compiled.php(10673): Illuminate\Database\Connectors\MySqlConnector->connect(Array)
#3 C:\wamp\www\ProjetLo07\vendor\compiled.php(10669): Illuminate\Database\Connectors\ConnectionFactory->createSingleConnection(Array)
#4 C:\wamp\www\ProjetLo07\vendor\compiled.php(10587): Illuminate\Database\Connectors\ConnectionFactory->make(Array, 'mysql')
#5 C:\wamp\www\ProjetLo07\vendor\compiled.php(10542): Illuminate\Database\DatabaseManager->makeConnection('mysql')
#6 C:\wamp\www\ProjetLo07\vendor\laravel\framework\src\Illuminate\Database\Migrations\DatabaseMigrationRepository.php(167): Illuminate\Database\DatabaseManager->connection(NULL)
#7 C:\wamp\www\ProjetLo07\vendor\laravel\framework\src\Illuminate\Database\Migrations\DatabaseMigrationRepository.php(115): Illuminate\Database\Migrations\DatabaseMigrationRepository->getConnection()
#8 C:\wamp\www\ProjetLo07\vendor\laravel\framework\src\Illuminate\Database\Console\Migrations\InstallCommand.php(52): Illuminate\Database\Migrations\DatabaseMigrationRepository->createRepository()
#9 [internal function]: Illuminate\Database\Console\Migrations\InstallCommand->fire()
#10 C:\wamp\www\ProjetLo07\vendor\compiled.php(925): call_user_func_array(Array, Array)
#11 C:\wamp\www\ProjetLo07\vendor\laravel\framework\src\Illuminate\Console\Command.php(115): Illuminate\Container\Container->call(Array)
#12 C:\wamp\www\ProjetLo07\vendor\symfony\console\Symfony\Component\Console\Command\Command.php(257): Illuminate\Console\Command->execute(Object(Symfony\Component\Console\Input\ArgvInput), Object(Symfony\Component\Console\Output\ConsoleOutput))
#13 C:\wamp\www\ProjetLo07\vendor\laravel\framework\src\Illuminate\Console\Command.php(101): Symfony\Component\Console\Command\Command->run(Object(Symfony\Component\Console\Input\ArgvInput), Object(Symfony\Component\Console\Output\ConsoleOutput))
#14 C:\wamp\www\ProjetLo07\vendor\symfony\console\Symfony\Component\Console\Application.php(874): Illuminate\Console\Command->run(Object(Symfony\Component\Console\Input\ArgvInput), Object(Symfony\Component\Console\Output\ConsoleOutput))
#15 C:\wamp\www\ProjetLo07\vendor\symfony\console\Symfony\Component\Console\Application.php(195): Symfony\Component\Console\Application->doRunCommand(Object(Illuminate\Database\Console\Migrations\InstallCommand), Object(Symfony\Component\Console\Input\ArgvInput), Object(Symfony\Component\Console\Output\ConsoleOutput))
#16 C:\wamp\www\ProjetLo07\vendor\symfony\console\Symfony\Component\Console\Application.php(126): Symfony\Component\Console\Application->doRun(Object(Symfony\Component\Console\Input\ArgvInput), Object(Symfony\Component\Console\Output\ConsoleOutput))
#17 C:\wamp\www\ProjetLo07\vendor\laravel\framework\src\Illuminate\Foundation\Console\Kernel.php(94): Symfony\Component\Console\Application->run(Object(Symfony\Component\Console\Input\ArgvInput), Object(Symfony\Component\Console\Output\ConsoleOutput))
#18 C:\wamp\www\ProjetLo07\artisan(36): Illuminate\Foundation\Console\Kernel->handle(Object(Symfony\Component\Console\Input\ArgvInput), Object(Symfony\Component\Console\Output\ConsoleOutput))
#19 {main}  
[2015-05-10 20:37:23] local.ERROR: exception 'Symfony\Component\Debug\Exception\FatalErrorException' with message 'Class 'Barryvdh\MigrationGenerator\MigrationGeneratorServiceProvider' not found' in C:\wamp\www\ProjetLo07\vendor\compiled.php:6466
Stack trace:
#0 C:\wamp\www\ProjetLo07\vendor\compiled.php(1743): Symfony\Component\Debug\Exception\FatalErrorException->__construct()
#1 C:\wamp\www\ProjetLo07\vendor\compiled.php(1738): Illuminate\Foundation\Bootstrap\HandleExceptions->fatalExceptionFromError()
#2 C:\wamp\www\ProjetLo07\vendor\compiled.php(0): Illuminate\Foundation\Bootstrap\HandleExceptions->handleShutdown()
#3 C:\wamp\www\ProjetLo07\vendor\compiled.php(6452): Illuminate\Foundation\ProviderRepository->createProvider()
#4 C:\wamp\www\ProjetLo07\vendor\compiled.php(6428): Illuminate\Foundation\ProviderRepository->compileManifest()
#5 C:\wamp\www\ProjetLo07\vendor\compiled.php(1421): Illuminate\Foundation\ProviderRepository->load()
#6 C:\wamp\www\ProjetLo07\vendor\compiled.php(1775): Illuminate\Foundation\Application->registerConfiguredProviders()
#7 C:\wamp\www\ProjetLo07\vendor\compiled.php(1311): Illuminate\Foundation\Bootstrap\RegisterProviders->bootstrap()
#8 C:\wamp\www\ProjetLo07\vendor\laravel\framework\src\Illuminate\Foundation\Console\Kernel.php(195): Illuminate\Foundation\Application->bootstrapWith()
#9 C:\wamp\www\ProjetLo07\vendor\laravel\framework\src\Illuminate\Foundation\Console\Kernel.php(92): Illuminate\Foundation\Console\Kernel->bootstrap()
#10 C:\wamp\www\ProjetLo07\artisan(36): Illuminate\Foundation\Console\Kernel->handle()
#11 C:\wamp\www\ProjetLo07\artisan(0): {main}()
#12 {main}  
[2015-05-10 20:44:58] local.ERROR: exception 'Symfony\Component\Debug\Exception\FatalErrorException' with message 'Class 'Way\Generators\GeneratorsServiceProvider' not found' in C:\wamp\www\ProjetLo07\vendor\compiled.php:6466
Stack trace:
#0 C:\wamp\www\ProjetLo07\vendor\compiled.php(1743): Symfony\Component\Debug\Exception\FatalErrorException->__construct()
#1 C:\wamp\www\ProjetLo07\vendor\compiled.php(1738): Illuminate\Foundation\Bootstrap\HandleExceptions->fatalExceptionFromError()
#2 C:\wamp\www\ProjetLo07\vendor\compiled.php(0): Illuminate\Foundation\Bootstrap\HandleExceptions->handleShutdown()
#3 C:\wamp\www\ProjetLo07\vendor\compiled.php(6452): Illuminate\Foundation\ProviderRepository->createProvider()
#4 C:\wamp\www\ProjetLo07\vendor\compiled.php(6428): Illuminate\Foundation\ProviderRepository->compileManifest()
#5 C:\wamp\www\ProjetLo07\vendor\compiled.php(1421): Illuminate\Foundation\ProviderRepository->load()
#6 C:\wamp\www\ProjetLo07\vendor\compiled.php(1775): Illuminate\Foundation\Application->registerConfiguredProviders()
#7 C:\wamp\www\ProjetLo07\vendor\compiled.php(1311): Illuminate\Foundation\Bootstrap\RegisterProviders->bootstrap()
#8 C:\wamp\www\ProjetLo07\vendor\laravel\framework\src\Illuminate\Foundation\Console\Kernel.php(195): Illuminate\Foundation\Application->bootstrapWith()
#9 C:\wamp\www\ProjetLo07\vendor\laravel\framework\src\Illuminate\Foundation\Console\Kernel.php(92): Illuminate\Foundation\Console\Kernel->bootstrap()
#10 C:\wamp\www\ProjetLo07\artisan(36): Illuminate\Foundation\Console\Kernel->handle()
#11 C:\wamp\www\ProjetLo07\artisan(0): {main}()
#12 {main}  
[2015-05-10 20:49:26] local.ERROR: exception 'Symfony\Component\Debug\Exception\FatalErrorException' with message 'Class 'Way\Generators\GeneratorsServiceProvider' not found' in C:\wamp\www\ProjetLo07\vendor\compiled.php:6466
Stack trace:
#0 C:\wamp\www\ProjetLo07\vendor\compiled.php(1743): Symfony\Component\Debug\Exception\FatalErrorException->__construct()
#1 C:\wamp\www\ProjetLo07\vendor\compiled.php(1738): Illuminate\Foundation\Bootstrap\HandleExceptions->fatalExceptionFromError()
#2 C:\wamp\www\ProjetLo07\vendor\compiled.php(0): Illuminate\Foundation\Bootstrap\HandleExceptions->handleShutdown()
#3 C:\wamp\www\ProjetLo07\vendor\compiled.php(6452): Illuminate\Foundation\ProviderRepository->createProvider()
#4 C:\wamp\www\ProjetLo07\vendor\compiled.php(6428): Illuminate\Foundation\ProviderRepository->compileManifest()
#5 C:\wamp\www\ProjetLo07\vendor\compiled.php(1421): Illuminate\Foundation\ProviderRepository->load()
#6 C:\wamp\www\ProjetLo07\vendor\compiled.php(1775): Illuminate\Foundation\Application->registerConfiguredProviders()
#7 C:\wamp\www\ProjetLo07\vendor\compiled.php(1311): Illuminate\Foundation\Bootstrap\RegisterProviders->bootstrap()
#8 C:\wamp\www\ProjetLo07\vendor\compiled.php(1928): Illuminate\Foundation\Application->bootstrapWith()
#9 C:\wamp\www\ProjetLo07\vendor\compiled.php(1890): Illuminate\Foundation\Http\Kernel->bootstrap()
#10 C:\wamp\www\ProjetLo07\vendor\compiled.php(1880): Illuminate\Foundation\Http\Kernel->sendRequestThroughRouter()
#11 C:\wamp\www\ProjetLo07\public\index.php(53): Illuminate\Foundation\Http\Kernel->handle()
#12 C:\wamp\www\ProjetLo07\public\index.php(0): {main}()
#13 {main}  
[2015-05-10 20:50:40] local.ERROR: exception 'Symfony\Component\Debug\Exception\FatalErrorException' with message 'Call to undefined method Illuminate\Foundation\Application::getCachedCompilePath()' in C:\wamp\www\ProjetLo07\vendor\laravel\framework\src\Illuminate\Foundation\Console\ClearCompiledCommand.php:28
Stack trace:
#0 C:\wamp\www\ProjetLo07\vendor\compiled.php(1743): Symfony\Component\Debug\Exception\FatalErrorException->__construct()
#1 C:\wamp\www\ProjetLo07\vendor\compiled.php(1738): Illuminate\Foundation\Bootstrap\HandleExceptions->fatalExceptionFromError()
#2 C:\wamp\www\ProjetLo07\vendor\compiled.php(0): Illuminate\Foundation\Bootstrap\HandleExceptions->handleShutdown()
#3 C:\wamp\www\ProjetLo07\vendor\compiled.php(925): Illuminate\Foundation\Console\ClearCompiledCommand->fire()
#4 C:\wamp\www\ProjetLo07\vendor\compiled.php(925): call_user_func_array:{C:\wamp\www\ProjetLo07\vendor\compiled.php:925}()
#5 C:\wamp\www\ProjetLo07\vendor\laravel\framework\src\Illuminate\Console\Command.php(115): Illuminate\Container\Container->call()
#6 C:\wamp\www\ProjetLo07\vendor\symfony\console\Symfony\Component\Console\Command\Command.php(257): Illuminate\Console\Command->execute()
#7 C:\wamp\www\ProjetLo07\vendor\laravel\framework\src\Illuminate\Console\Command.php(101): Symfony\Component\Console\Command\Command->run()
#8 C:\wamp\www\ProjetLo07\vendor\symfony\console\Symfony\Component\Console\Application.php(874): Illuminate\Console\Command->run()
#9 C:\wamp\www\ProjetLo07\vendor\symfony\console\Symfony\Component\Console\Application.php(195): Symfony\Component\Console\Application->doRunCommand()
#10 C:\wamp\www\ProjetLo07\vendor\symfony\console\Symfony\Component\Console\Application.php(126): Symfony\Component\Console\Application->doRun()
#11 C:\wamp\www\ProjetLo07\vendor\laravel\framework\src\Illuminate\Foundation\Console\Kernel.php(94): Symfony\Component\Console\Application->run()
#12 C:\wamp\www\ProjetLo07\artisan(36): Illuminate\Foundation\Console\Kernel->handle()
#13 C:\wamp\www\ProjetLo07\artisan(0): {main}()
#14 {main}  
[2015-05-10 21:06:48] local.ERROR: exception 'Symfony\Component\Debug\Exception\FatalErrorException' with message 'Call to undefined method Illuminate\Foundation\Application::getCachedCompilePath()' in C:\wamp\www\ProjetLo07\vendor\laravel\framework\src\Illuminate\Foundation\Console\ClearCompiledCommand.php:28
Stack trace:
#0 C:\wamp\www\ProjetLo07\vendor\compiled.php(1743): Symfony\Component\Debug\Exception\FatalErrorException->__construct()
#1 C:\wamp\www\ProjetLo07\vendor\compiled.php(1738): Illuminate\Foundation\Bootstrap\HandleExceptions->fatalExceptionFromError()
#2 C:\wamp\www\ProjetLo07\vendor\compiled.php(0): Illuminate\Foundation\Bootstrap\HandleExceptions->handleShutdown()
#3 C:\wamp\www\ProjetLo07\vendor\compiled.php(925): Illuminate\Foundation\Console\ClearCompiledCommand->fire()
#4 C:\wamp\www\ProjetLo07\vendor\compiled.php(925): call_user_func_array:{C:\wamp\www\ProjetLo07\vendor\compiled.php:925}()
#5 C:\wamp\www\ProjetLo07\vendor\laravel\framework\src\Illuminate\Console\Command.php(115): Illuminate\Container\Container->call()
#6 C:\wamp\www\ProjetLo07\vendor\symfony\console\Symfony\Component\Console\Command\Command.php(257): Illuminate\Console\Command->execute()
#7 C:\wamp\www\ProjetLo07\vendor\laravel\framework\src\Illuminate\Console\Command.php(101): Symfony\Component\Console\Command\Command->run()
#8 C:\wamp\www\ProjetLo07\vendor\symfony\console\Symfony\Component\Console\Application.php(874): Illuminate\Console\Command->run()
#9 C:\wamp\www\ProjetLo07\vendor\symfony\console\Symfony\Component\Console\Application.php(195): Symfony\Component\Console\Application->doRunCommand()
#10 C:\wamp\www\ProjetLo07\vendor\symfony\console\Symfony\Component\Console\Application.php(126): Symfony\Component\Console\Application->doRun()
#11 C:\wamp\www\ProjetLo07\vendor\laravel\framework\src\Illuminate\Foundation\Console\Kernel.php(94): Symfony\Component\Console\Application->run()
#12 C:\wamp\www\ProjetLo07\artisan(36): Illuminate\Foundation\Console\Kernel->handle()
#13 C:\wamp\www\ProjetLo07\artisan(0): {main}()
#14 {main}  
